<?xml version="1.0" encoding="UTF-8"?>
<coverage generated="1626079784858" clover="3.2.0">
  <project timestamp="1626079784859" name="All files">
    <metrics statements="16" coveredstatements="16" conditionals="0" coveredconditionals="0" methods="4" coveredmethods="4" elements="20" coveredelements="20" complexity="0" loc="16" ncloc="16" packages="1" files="4" classes="4"/>
    <file name="addition.js" path="C:\Users\Sandeep\Desktop\Project\CLI typescript\src\addition.js">
      <metrics statements="4" coveredstatements="4" conditionals="0" coveredconditionals="0" methods="1" coveredmethods="1"/>
      <line num="3" count="1" type="stmt"/>
      <line num="4" count="1" type="stmt"/>
      <line num="20" count="4" type="stmt"/>
      <line num="22" count="1" type="stmt"/>
    </file>
    <file name="division.js" path="C:\Users\Sandeep\Desktop\Project\CLI typescript\src\division.js">
      <metrics statements="4" coveredstatements="4" conditionals="0" coveredconditionals="0" methods="1" coveredmethods="1"/>
      <line num="12" count="1" type="stmt"/>
      <line num="13" count="1" type="stmt"/>
      <line num="19" count="7" type="stmt"/>
      <line num="21" count="1" type="stmt"/>
    </file>
    <file name="multiplication.js" path="C:\Users\Sandeep\Desktop\Project\CLI typescript\src\multiplication.js">
      <metrics statements="4" coveredstatements="4" conditionals="0" coveredconditionals="0" methods="1" coveredmethods="1"/>
      <line num="12" count="1" type="stmt"/>
      <line num="13" count="1" type="stmt"/>
      <line num="15" count="6" type="stmt"/>
      <line num="17" count="1" type="stmt"/>
    </file>
    <file name="subtraction.js" path="C:\Users\Sandeep\Desktop\Project\CLI typescript\src\subtraction.js">
      <metrics statements="4" coveredstatements="4" conditionals="0" coveredconditionals="0" methods="1" coveredmethods="1"/>
      <line num="12" count="1" type="stmt"/>
      <line num="13" count="1" type="stmt"/>
      <line num="15" count="3" type="stmt"/>
      <line num="17" count="1" type="stmt"/>
    </file>
  </project>
</coverage>
