{"C:\\Users\\Sandeep\\Desktop\\Project\\CLI typescript\\src\\addition.js": {"path":"C:\\Users\\Sandeep\\Desktop\\Project\\CLI typescript\\src\\addition.js","statementMap":{"0":{"start":{"line":3,"column":0},"end":{"line":3,"column":26}},"1":{"start":{"line":4,"column":0},"end":{"line":4,"column":21}},"2":{"start":{"line":20,"column":4},"end":{"line":20,"column":32}},"3":{"start":{"line":22,"column":0},"end":{"line":22,"column":18}}},"fnMap":{"0":{"name":"add","decl":{"start":{"line":16,"column":9},"end":{"line":16,"column":12}},"loc":{"start":{"line":16,"column":34},"end":{"line":21,"column":1}},"line":16}},"branchMap":{},"s":{"0":1,"1":1,"2":4,"3":1},"f":{"0":4},"b":{},"_coverageSchema":"1a1c01bbd47fc00a2c39e90264f33305004495a9","hash":"1c66cdfecdd461a645ec751e63e504fb3ace3b0a"}
,"C:\\Users\\Sandeep\\Desktop\\Project\\CLI typescript\\src\\division.js": {"path":"C:\\Users\\Sandeep\\Desktop\\Project\\CLI typescript\\src\\division.js","statementMap":{"0":{"start":{"line":12,"column":0},"end":{"line":12,"column":26}},"1":{"start":{"line":13,"column":0},"end":{"line":13,"column":21}},"2":{"start":{"line":19,"column":4},"end":{"line":19,"column":32}},"3":{"start":{"line":21,"column":0},"end":{"line":21,"column":18}}},"fnMap":{"0":{"name":"div","decl":{"start":{"line":14,"column":9},"end":{"line":14,"column":12}},"loc":{"start":{"line":14,"column":34},"end":{"line":20,"column":1}},"line":14}},"branchMap":{},"s":{"0":1,"1":1,"2":7,"3":1},"f":{"0":7},"b":{},"_coverageSchema":"1a1c01bbd47fc00a2c39e90264f33305004495a9","hash":"29e7d188b3244d461c9c2032e007b8afccea3515"}
,"C:\\Users\\Sandeep\\Desktop\\Project\\CLI typescript\\src\\multiplication.js": {"path":"C:\\Users\\Sandeep\\Desktop\\Project\\CLI typescript\\src\\multiplication.js","statementMap":{"0":{"start":{"line":12,"column":0},"end":{"line":12,"column":26}},"1":{"start":{"line":13,"column":0},"end":{"line":13,"column":21}},"2":{"start":{"line":15,"column":4},"end":{"line":15,"column":32}},"3":{"start":{"line":17,"column":0},"end":{"line":17,"column":18}}},"fnMap":{"0":{"name":"mul","decl":{"start":{"line":14,"column":9},"end":{"line":14,"column":12}},"loc":{"start":{"line":14,"column":34},"end":{"line":16,"column":1}},"line":14}},"branchMap":{},"s":{"0":1,"1":1,"2":6,"3":1},"f":{"0":6},"b":{},"_coverageSchema":"1a1c01bbd47fc00a2c39e90264f33305004495a9","hash":"a7e06357512c7d0ca1e931217ec28e3f94be85ac"}
,"C:\\Users\\Sandeep\\Desktop\\Project\\CLI typescript\\src\\subtraction.js": {"path":"C:\\Users\\Sandeep\\Desktop\\Project\\CLI typescript\\src\\subtraction.js","statementMap":{"0":{"start":{"line":12,"column":0},"end":{"line":12,"column":26}},"1":{"start":{"line":13,"column":0},"end":{"line":13,"column":21}},"2":{"start":{"line":15,"column":4},"end":{"line":15,"column":32}},"3":{"start":{"line":17,"column":0},"end":{"line":17,"column":18}}},"fnMap":{"0":{"name":"sub","decl":{"start":{"line":14,"column":9},"end":{"line":14,"column":12}},"loc":{"start":{"line":14,"column":34},"end":{"line":16,"column":1}},"line":14}},"branchMap":{},"s":{"0":1,"1":1,"2":3,"3":1},"f":{"0":3},"b":{},"_coverageSchema":"1a1c01bbd47fc00a2c39e90264f33305004495a9","hash":"e8c21a6f8efb9fa4682b74239dac356a614c57ab"}
}
