TN:
SF:src\addition.js
FN:16,add
FNF:1
FNH:1
FNDA:4,add
DA:3,1
DA:4,1
DA:20,4
DA:22,1
LF:4
LH:4
BRF:0
BRH:0
end_of_record
TN:
SF:src\division.js
FN:14,div
FNF:1
FNH:1
FNDA:7,div
DA:12,1
DA:13,1
DA:19,7
DA:21,1
LF:4
LH:4
BRF:0
BRH:0
end_of_record
TN:
SF:src\multiplication.js
FN:14,mul
FNF:1
FNH:1
FNDA:6,mul
DA:12,1
DA:13,1
DA:15,6
DA:17,1
LF:4
LH:4
BRF:0
BRH:0
end_of_record
TN:
SF:src\subtraction.js
FN:14,sub
FNF:1
FNH:1
FNDA:3,sub
DA:12,1
DA:13,1
DA:15,3
DA:17,1
LF:4
LH:4
BRF:0
BRH:0
end_of_record
